2025-08-17 22:58:07,427 - Успешно:  мне противно даже смотреть_emotions_disgusted.WAV \u2192 audio\emotions\disgusted\ мне противно даже смотреть_001.wav
2025-08-17 22:58:07,428 - Успешно:  от одной мысли тошнит_emotions_disgusted.WAV \u2192 audio\emotions\disgusted\ от одной мысли тошнит_002.wav
2025-08-17 22:58:07,429 - Успешно: будущее выглядит потрясающе_emotions_excited.WAV \u2192 audio\emotions\excited\будущее выглядит потрясающе_001.wav
2025-08-17 22:58:07,430 - Успешно: в этом есть какая-то тайна_emotions_mysterious.WAV \u2192 audio\emotions\mysterious\в этом есть какая-то тайна_001.wav
2025-08-17 22:58:07,430 - Успешно: внутри тихо и светло_emotions_calm.WAV \u2192 audio\emotions\calm\внутри тихо и светло_001.wav
2025-08-17 22:58:07,432 - Успешно: вперёд к новым свершениям_emotions_energetic.WAV \u2192 audio\emotions\energetic\вперёд к новым свершениям_001.wav
2025-08-17 22:58:07,432 - Успешно: время действовать_emotions_energetic.WAV \u2192 audio\emotions\energetic\время действовать_002.wav
2025-08-17 22:58:07,433 - Успешно: всё в пределах нормы_emotions_neutral.WAV \u2192 audio\emotions\neutral\всё в пределах нормы_001.wav
2025-08-17 22:58:07,434 - Успешно: всё идёт своим чередом_emotions_calm.WAV \u2192 audio\emotions\calm\всё идёт своим чередом_002.wav
2025-08-17 22:58:07,435 - Успешно: грусть давит на сердце_emotions_sad.WAV \u2192 audio\emotions\sad\грусть давит на сердце_001.wav
2025-08-17 22:58:07,435 - Успешно: душа спокойна как озеро_emotions_calm.WAV \u2192 audio\emotions\calm\душа спокойна как озеро_003.wav
2025-08-17 22:58:07,436 - Успешно: жизнь прекрасна_emotions_happy.WAV \u2192 audio\emotions\happy\жизнь прекрасна_001.wav
2025-08-17 22:58:07,437 - Успешно: заряжайся энергией_emotions_energetic.WAV \u2192 audio\emotions\energetic\заряжайся энергией_003.wav
2025-08-17 22:58:07,438 - Успешно: здесь кроется разгадка_emotions_mysterious.WAV \u2192 audio\emotions\mysterious\здесь кроется разгадка_002.wav
2025-08-17 22:58:07,439 - Успешно: когда уже это закончится_emotions_bored.WAV \u2192 audio\emotions\bored\когда уже это закончится_001.wav
2025-08-17 22:58:07,440 - Успешно: люблю тебя больше жизни_emotions_romantic.WAV \u2192 audio\emotions\romantic\люблю тебя больше жизни_001.wav
2025-08-17 22:58:07,440 - Успешно: меня охватила паника_emotions_fearful.WAV \u2192 audio\emotions\fearful\меня охватила паника_001.wav
2025-08-17 22:58:07,441 - Успешно: мир улыбается мне_emotions_happy.WAV \u2192 audio\emotions\happy\мир улыбается мне_002.wav
2025-08-17 22:58:07,442 - Успешно: мне так одиноко_emotions_sad.WAV \u2192 audio\emotions\sad\мне так одиноко_002.wav
2025-08-17 22:58:07,442 - Успешно: не могу дождаться_emotions_excited.WAV \u2192 audio\emotions\excited\не могу дождаться_002.wav
2025-08-17 22:58:07,443 - Успешно: не может быть_emotions_surprised.WAV \u2192 audio\emotions\surprised\не может быть_001.wav
2025-08-17 22:58:07,443 - Пропущен ничего себе вот это поворот.WAV: неверный формат (должно быть Текст_Жанр_Эмоция)
2025-08-17 22:58:07,444 - Успешно: ну кто бы сомневался_emotions_sarcastic.WAV \u2192 audio\emotions\sarcastic\ну кто бы сомневался_001.wav
2025-08-17 22:58:07,445 - Успешно: о да ты гений конечно_emotions_sarcastic.WAV \u2192 audio\emotions\sarcastic\о да ты гений конечно_002.wav
2025-08-17 22:58:07,445 - Успешно: о да ты просто непревзойдён_emotions_sarcastic.WAV \u2192 audio\emotions\sarcastic\о да ты просто непревзойдён_003.wav
2025-08-17 22:58:07,446 - Успешно: опять одно и то же_emotions_bored.WAV \u2192 audio\emotions\bored\опять одно и то же_002.wav
2025-08-17 22:58:07,447 - Успешно: опять этот бесконечный день_emotions_bored.WAV \u2192 audio\emotions\bored\опять этот бесконечный день_003.wav
2025-08-17 22:58:07,447 - Успешно: почему всё так печально_emotions_sad.WAV \u2192 audio\emotions\sad\почему всё так печально_003.wav
2025-08-17 22:58:07,448 - Успешно: сегодня обычный день_emotions_neutral.WAV \u2192 audio\emotions\neutral\сегодня обычный день_002.wav
2025-08-17 22:58:07,449 - Успешно: сердце ноет от тоски_emotions_sad.WAV \u2192 audio\emotions\sad\сердце ноет от тоски_004.wav
2025-08-17 22:58:07,449 - Успешно: солнце светит так ярко_emotions_happy.WAV \u2192 audio\emotions\happy\солнце светит так ярко_003.wav
2025-08-17 22:58:07,450 - Успешно: ты меня бесишь_emotions_angry.WAV \u2192 audio\emotions\angry\ты меня бесишь_001.wav
2025-08-17 22:58:07,451 - Успешно: ты моё счастье_emotions_romantic.WAV \u2192 audio\emotions\romantic\ты моё счастье_002.wav
2025-08-17 22:58:07,451 - Успешно: ты моя вселенная_emotions_romantic.WAV \u2192 audio\emotions\romantic\ты моя вселенная_003.wav
2025-08-17 22:58:07,452 - Успешно: у меня мурашки от страха_emotions_fearful.WAV \u2192 audio\emotions\fearful\у меня мурашки от страха_002.wav
2025-08-17 22:58:07,453 - Успешно: факты говорят сами за себя_emotions_neutral.WAV \u2192 audio\emotions\neutral\факты говорят сами за себя_003.wav
2025-08-17 22:58:07,453 - Успешно: фу как противно_emotions_disgusted.WAV \u2192 audio\emotions\disgusted\фу как противно_003.wav
2025-08-17 22:58:07,454 - Успешно: хватит меня раздражать_emotions_angry.WAV \u2192 audio\emotions\angry\хватит меня раздражать_002.wav
2025-08-17 22:58:07,455 - Успешно: что-то здесь не так_emotions_mysterious.WAV \u2192 audio\emotions\mysterious\что-то здесь не так_003.wav
2025-08-17 22:58:07,456 - Успешно: это неожиданно_emotions_surprised.WAV \u2192 audio\emotions\surprised\это неожиданно_002.wav
2025-08-17 22:58:07,456 - Успешно: я абсолютно уверен в этом_emotions_confident.WAV \u2192 audio\emotions\confident\я абсолютно уверен в этом_001.wav
2025-08-17 22:58:07,457 - Успешно: я безумно счастлив_emotions_happy.WAV \u2192 audio\emotions\happy\я безумно счастлив_004.wav
2025-08-17 22:58:07,458 - Успешно: я боюсь что всё пойдёт не так_emotions_fearful.WAV \u2192 audio\emotions\fearful\я боюсь что всё пойдёт не так_003.wav
2025-08-17 22:58:07,459 - Успешно: я в предвкушении_emotions_excited.WAV \u2192 audio\emotions\excited\я в предвкушении_003.wav
2025-08-17 22:58:07,459 - Успешно: я в ярости_emotions_angry.WAV \u2192 audio\emotions\angry\я в ярости_003.wav
2025-08-17 22:58:07,460 - Успешно: я знаю что делаю_emotions_confident.WAV \u2192 audio\emotions\confident\я знаю что делаю_002.wav
2025-08-17 22:58:07,461 - Успешно: я не готов ответить_emotions_shy.WAV \u2192 audio\emotions\shy\я не готов ответить_001.wav
2025-08-17 22:58:07,461 - Успешно: я не решаюсь сказать_emotions_shy.WAV \u2192 audio\emotions\shy\я не решаюсь сказать_002.wav
2025-08-17 22:58:07,462 - Успешно: я справлюсь без проблем_emotions_confident.WAV \u2192 audio\emotions\confident\я справлюсь без проблем_003.wav
2025-08-17 22:58:07,462 - Успешно: я стесняюсь говорить об этом_emotions_shy.WAV \u2192 audio\emotions\shy\я стесняюсь говорить об этом_003.wav
2025-08-17 23:01:22,826 - Успешно: ничего себе вот это поворот_emotions_surprised.WAV \u2192 audio\emotions\surprised\ничего себе вот это поворот_003.wav
