**********************
Начало записи сценария Windows PowerShell
Время начала: 20250817232547
Имя пользователя: UNITY-YT0AT\keepe
Запуск от имени пользователя: UNITY-YT0AT\keepe
Имя конфигурации: 
Компьютер: UNITY-YT0AT (Microsoft Windows NT 10.0.26100.0)
Ведущее приложение: C:\WINDOWS\System32\WindowsPowerShell\v1.0\powershell.exe
ИД процесса: 20432
PSVersion: 5.1.26100.4768
PSEdition: Desktop
PSCompatibleVersions: 1.0, 2.0, 3.0, 4.0, 5.0, 5.1.26100.4768
BuildVersion: 10.0.26100.4768
CLRVersion: 4.0.30319.42000
WSManStackVersion: 3.0
PSRemotingProtocolVersion: 2.3
SerializationVersion: 1.1.0.1
**********************
Транскрибирование запущено, выходной файл sync.log
=== РќР°С‡Р°Р»Рѕ СЃРёРЅС…СЂРѕРЅРёР·Р°С†РёРё СЃ GitHub ===

Р¤Р°Р№Р»С‹ РґРѕР±Р°РІР»РµРЅС‹ РІ РёРЅРґРµРєСЃ Git
 delete mode 100644 audio/song/epic/мне_увидеть_живым.wav
 delete mode 100644 audio/song/epic/много_нас.wav
 delete mode 100644 audio/song/epic/не_косил_больше_травы_свинец.wav
 delete mode 100644 audio/song/epic/но_мы_к_солнцу_тянулись_упрямо.wav
 delete mode 100644 audio/song/epic/она_мне_говорила.wav
 delete mode 100644 audio/song/epic/твой_отец_недоволен_тобой.wav
 delete mode 100644 audio/song/epic/только_мой_не_вернулся_отец.wav
 delete mode 100644 audio/song/epic/у_дочурки_моей_есть_и_папа_и_мама.wav
 delete mode 100644 audio/song/epic/чтоб_один_только_раз.wav
 delete mode 100644 audio/song/epic/я_бы_отдал_бы_всё.wav
 delete mode 100644 audio/song/passionate/ба-а-рмале-е-й_1_wav.wav
 delete mode 100644 audio/song/passionate/ба-а-рмале-е-й_2_wav.wav
 delete mode 100644 audio/song/passionate/ба-а-рмале-е-й_вау_wav.wav
 delete mode 100644 audio/song/passionate/бармалей_ба_ба_ба_бармалей_1_wav.wav
 delete mode 100644 audio/song/passionate/бармалей_ба_ба_ба_бармалей_2_wav.wav
 delete mode 100644 audio/song/passionate/бармалей_бармале-е-й_1_wav.wav
 delete mode 100644 audio/song/passionate/бармалей_бармале-е-й_2_wav.wav
 delete mode 100644 audio/song/passionate/бармалей_бармале-е-й_3_wav.wav
 delete mode 100644 audio/song/passionate/бармалей_бармале-е-й_4_wav.wav
 delete mode 100644 audio/song/passionate/бармалей_бармале-е-й_5_wav.wav
 delete mode 100644 audio/song/passionate/бармалей_бармале-е-й_6_wav.wav
 delete mode 100644 audio/song/passionate/взрослые_всегда_гуляют_без_опаски.wav
 delete mode 100644 audio/song/passionate/вот_я_и_решил_вам_показаться_wav.wav
 delete mode 100644 audio/song/passionate/вынужден_бежать_обратно_в_сказку_wav.wav
 delete mode 100644 audio/song/passionate/говорите_нет_меня_на_свете_белом_wav.wav
 delete mode 100644 audio/song/passionate/если_вам_сорвать_с_меня_удастся_маску_wav.wav
 delete mode 100644 audio/song/passionate/кто_всегда_несёт_вам_неудачи_wav.wav
 delete mode 100644 audio/song/passionate/кто_хитрит_и_врёт_кто_враг_сердец_горячих_wav.wav
 delete mode 100644 audio/song/passionate/не_люблю_людей_дану_их_к_бармалею_wav.wav
 delete mode 100644 audio/song/passionate/то_что_я_злодей_об_этом_не_жалею_wav.wav
 delete mode 100644 audio/song/passionate/только_малыши_чуть-чуть_меня_боятся_wav.wav
 delete mode 100644 audio/song/passionate/что_им_бармалей_всё_выдумаки_и_сказки_wav.wav
 create mode 100644 audio_processor.py
 create mode 100644 copy_wav_to_incoming.ps1
 delete mode 100644 incoming/Чьей же это след, кто занят чёрным делом_song_passionate.WAV
 create mode 100644 processing.log
 create mode 100644 sync.log
 create mode 100644 sync.ps1
 delete mode 100644 sync_to_github.ps1
 delete mode 100644 voice_dataset/audio_processor.py
РЎРѕР·РґР°РЅ РєРѕРјРјРёС‚: 'РђРІС‚РѕРѕР±РЅРѕРІР»РµРЅРёРµ: 2025-08-17 23:25:47'

РР·РјРµРЅРµРЅРёСЏ РѕС‚РїСЂР°РІР»РµРЅС‹ РЅР° GitHub
**********************
Конец записи протокола Windows PowerShell
Время окончания: 20250817232549
**********************
